<?xml version="1.0" encoding="UTF-8"?>
<!-- Generated by org.testng.reporters.JUnitReportReporter -->
<testsuite skipped="0" hostname="DESKTOP-94FJBG4" name="tests.VerifyPopularCategoryAndWriteToFile" tests="1" failures="0" timestamp="14 Jul 2021 18:40:59 GMT" time="6.073" errors="0">
  <testcase name="VerifyPopularCategory" time="6.073" classname="tests.VerifyPopularCategoryAndWriteToFile"/>
</testsuite> <!-- tests.VerifyPopularCategoryAndWriteToFile -->
